[debug] [2024-12-26T10:17:48.658Z] ----------------------------------------------------------------------
[debug] [2024-12-26T10:17:48.663Z] Command:       D:\software installations data\node-v21.6.1\node.exe C:\Users\PRASAD RAJU\AppData\Roaming\npm\node_modules\firebase-tools\lib\bin\firebase.js init
[debug] [2024-12-26T10:17:48.664Z] CLI Version:   13.29.1
[debug] [2024-12-26T10:17:48.664Z] Platform:      win32
[debug] [2024-12-26T10:17:48.664Z] Node Version:  v21.6.2
[debug] [2024-12-26T10:17:48.665Z] Time:          Thu Dec 26 2024 15:47:48 GMT+0530 (India Standard Time)
[debug] [2024-12-26T10:17:48.665Z] ----------------------------------------------------------------------
[debug] 
[debug] [2024-12-26T10:17:48.680Z] > command requires scopes: ["email","openid","https://www.googleapis.com/auth/cloudplatformprojects.readonly","https://www.googleapis.com/auth/firebase","https://www.googleapis.com/auth/cloud-platform"]
[debug] [2024-12-26T10:17:48.681Z] > authorizing via signed-in user (lakkamrajuprasadraju360@gmail.com)
[info] 
     ######## #### ########  ######## ########     ###     ######  ########
     ##        ##  ##     ## ##       ##     ##  ##   ##  ##       ##
     ######    ##  ########  ######   ########  #########  ######  ######
     ##        ##  ##    ##  ##       ##     ## ##     ##       ## ##
     ##       #### ##     ## ######## ########  ##     ##  ######  ########

You're about to initialize a Firebase project in this directory:

  D:\Notification test\AFOSEC\afosec

[info] 
=== Project Setup
[info] 
[info] First, let's associate this project directory with a Firebase project.
[info] You can create multiple project aliases by running firebase use --add, 
[info] but for now we'll just set up a default project.
[info] 
